<?xml version="1.0" encoding="UTF-8"?>
<testng-results ignored="0" total="1" passed="1" failed="0" skipped="0">
  <reporter-output>
  </reporter-output>
  <suite started-at="2024-12-04T21:32:59 IST" name="Suite" finished-at="2024-12-04T21:33:05 IST" duration-ms="5609">
    <groups>
    </groups>
    <test started-at="2024-12-04T21:32:59 IST" name="Test" finished-at="2024-12-04T21:33:05 IST" duration-ms="5609">
      <class name="com.seleniumtest.tests.ExecutionTest">
        <test-method is-config="true" signature="start()[pri:0, instance:com.seleniumtest.tests.ExecutionTest@793f29ff]" started-at="2024-12-04T21:32:59 IST" name="start" finished-at="2024-12-04T21:33:04 IST" duration-ms="4689" status="PASS">
          <reporter-output>
          </reporter-output>
        </test-method> <!-- start -->
        <test-method signature="verifyLoginTest()[pri:0, instance:com.seleniumtest.tests.ExecutionTest@793f29ff]" started-at="2024-12-04T21:33:04 IST" name="verifyLoginTest" finished-at="2024-12-04T21:33:05 IST" duration-ms="593" status="PASS">
          <reporter-output>
          </reporter-output>
        </test-method> <!-- verifyLoginTest -->
        <test-method is-config="true" signature="end()[pri:0, instance:com.seleniumtest.tests.ExecutionTest@793f29ff]" started-at="2024-12-04T21:33:05 IST" name="end" finished-at="2024-12-04T21:33:05 IST" duration-ms="255" status="PASS">
          <reporter-output>
          </reporter-output>
        </test-method> <!-- end -->
      </class> <!-- com.seleniumtest.tests.ExecutionTest -->
    </test> <!-- Test -->
  </suite> <!-- Suite -->
</testng-results>
